2022-09-15 14:18:39,115 INFO o.a.j.u.JMeterUtils: Setting Locale to en_EN
2022-09-15 14:18:39,159 INFO o.a.j.JMeter: Loading user properties from: C:\apache-jmeter-5.5\apache-jmeter-5.5\bin\user.properties
2022-09-15 14:18:39,165 INFO o.a.j.JMeter: Loading system properties from: C:\apache-jmeter-5.5\apache-jmeter-5.5\bin\system.properties
2022-09-15 14:18:39,199 INFO o.a.j.JMeter: Copyright (c) 1998-2022 The Apache Software Foundation
2022-09-15 14:18:39,199 INFO o.a.j.JMeter: Version 5.5
2022-09-15 14:18:39,199 INFO o.a.j.JMeter: java.version=1.8.0_321
2022-09-15 14:18:39,199 INFO o.a.j.JMeter: java.vm.name=Java HotSpot(TM) 64-Bit Server VM
2022-09-15 14:18:39,199 INFO o.a.j.JMeter: os.name=Windows 10
2022-09-15 14:18:39,199 INFO o.a.j.JMeter: os.arch=amd64
2022-09-15 14:18:39,200 INFO o.a.j.JMeter: os.version=10.0
2022-09-15 14:18:39,201 INFO o.a.j.JMeter: file.encoding=Cp1252
2022-09-15 14:18:39,201 INFO o.a.j.JMeter: java.awt.headless=true
2022-09-15 14:18:39,201 INFO o.a.j.JMeter: Max memory     =1073741824
2022-09-15 14:18:39,202 INFO o.a.j.JMeter: Available Processors =8
2022-09-15 14:18:39,217 INFO o.a.j.JMeter: Default Locale=English (EN)
2022-09-15 14:18:39,218 INFO o.a.j.JMeter: JMeter  Locale=English (EN)
2022-09-15 14:18:39,219 INFO o.a.j.JMeter: JMeterHome=C:\apache-jmeter-5.5\apache-jmeter-5.5
2022-09-15 14:18:39,219 INFO o.a.j.JMeter: user.dir  =C:\Main CodeBase\Jmeter\Jmeter Assignment
2022-09-15 14:18:39,220 INFO o.a.j.JMeter: PWD       =C:\Main CodeBase\Jmeter\Jmeter Assignment
2022-09-15 14:18:39,224 INFO o.a.j.JMeter: IP: 192.168.0.105 Name: LAPTOP-PF17CLMF FullName: LAPTOP-PF17CLMF
2022-09-15 14:18:39,289 INFO o.a.j.JMeter: Setting property 'jmeter.reportgenerator.outputdir' to:'C:\Main CodeBase\Jmeter\Jmeter Assignment\reports'
2022-09-15 14:18:39,304 INFO o.a.j.r.d.ReportGenerator: ReportGenerator will use for Parsing the separator: ','
2022-09-15 14:18:39,313 INFO o.a.j.r.d.ReportGenerator: Will only generate report from results file: OraNGEHRMAssignment.jtl
2022-09-15 14:18:39,313 INFO o.a.j.r.d.ReportGenerator: Reading report generator properties from: C:\apache-jmeter-5.5\apache-jmeter-5.5\bin\reportgenerator.properties
2022-09-15 14:18:39,345 INFO o.a.j.r.d.ReportGenerator: Merging with JMeter properties
2022-09-15 14:18:39,360 INFO o.a.j.r.c.ReportGeneratorConfiguration: Property 'jmeter.reportgenerator.temp_dir' not found, using default value 'temp' instead.
2022-09-15 14:18:39,373 INFO o.a.j.r.c.ReportGeneratorConfiguration: Property 'jmeter.reportgenerator.apdex_per_transaction' not found, using default value 'null' instead.
2022-09-15 14:18:39,390 INFO o.a.j.r.c.ReportGeneratorConfiguration: apdex_per_transaction is empty, not APDEX per transaction customization
2022-09-15 14:18:39,396 INFO o.a.j.r.c.ReportGeneratorConfiguration: Property 'jmeter.reportgenerator.sample_filter' not found, using default value 'null' instead.
2022-09-15 14:18:39,396 INFO o.a.j.r.c.ReportGeneratorConfiguration: Property 'jmeter.reportgenerator.report_title' not found, using default value 'null' instead.
2022-09-15 14:18:39,396 INFO o.a.j.r.c.ReportGeneratorConfiguration: Property 'jmeter.reportgenerator.start_date' not found, using default value 'null' instead.
2022-09-15 14:18:39,397 INFO o.a.j.r.c.ReportGeneratorConfiguration: Property 'jmeter.reportgenerator.end_date' not found, using default value 'null' instead.
2022-09-15 14:18:39,397 INFO o.a.j.r.c.ReportGeneratorConfiguration: Property 'jmeter.reportgenerator.date_format' not found, using default value 'null' instead.
2022-09-15 14:18:39,400 INFO o.a.j.r.c.ReportGeneratorConfiguration: Will use date range start date: null, end date: null
2022-09-15 14:18:39,417 INFO o.a.j.r.c.ReportGeneratorConfiguration: Property 'jmeter.reportgenerator.graph.totalTPS.exclude_controllers' not found, using default value 'false' instead.
2022-09-15 14:18:39,417 INFO o.a.j.r.c.ReportGeneratorConfiguration: Property 'jmeter.reportgenerator.graph.activeThreadsOverTime.exclude_controllers' not found, using default value 'false' instead.
2022-09-15 14:18:39,418 INFO o.a.j.r.c.ReportGeneratorConfiguration: Property 'jmeter.reportgenerator.graph.timeVsThreads.exclude_controllers' not found, using default value 'false' instead.
2022-09-15 14:18:39,419 INFO o.a.j.r.c.ReportGeneratorConfiguration: Property 'jmeter.reportgenerator.graph.responseTimeDistribution.exclude_controllers' not found, using default value 'false' instead.
2022-09-15 14:18:39,419 INFO o.a.j.r.c.ReportGeneratorConfiguration: Property 'jmeter.reportgenerator.graph.transactionsPerSecond.exclude_controllers' not found, using default value 'false' instead.
2022-09-15 14:18:39,419 INFO o.a.j.r.c.ReportGeneratorConfiguration: Property 'jmeter.reportgenerator.graph.responseTimePercentiles.exclude_controllers' not found, using default value 'false' instead.
2022-09-15 14:18:39,419 INFO o.a.j.r.c.ReportGeneratorConfiguration: Property 'jmeter.reportgenerator.graph.responseTimePercentilesOverTime.exclude_controllers' not found, using default value 'false' instead.
2022-09-15 14:18:39,421 INFO o.a.j.r.c.ReportGeneratorConfiguration: Property 'jmeter.reportgenerator.graph.responseTimesOverTime.exclude_controllers' not found, using default value 'false' instead.
2022-09-15 14:18:39,422 INFO o.a.j.r.c.ReportGeneratorConfiguration: Property 'jmeter.reportgenerator.graph.connectTimeOverTime.exclude_controllers' not found, using default value 'false' instead.
2022-09-15 14:18:39,422 INFO o.a.j.r.c.ReportGeneratorConfiguration: Property 'jmeter.reportgenerator.graph.latenciesOverTime.exclude_controllers' not found, using default value 'false' instead.
2022-09-15 14:18:39,424 INFO o.a.j.r.c.ReportGeneratorConfiguration: Property 'jmeter.reportgenerator.exporter.json.filters_only_sample_series' not found, using default value 'true' instead.
2022-09-15 14:18:39,425 INFO o.a.j.r.c.ReportGeneratorConfiguration: Property 'jmeter.reportgenerator.exporter.json.series_filter' not found, using default value '' instead.
2022-09-15 14:18:39,425 INFO o.a.j.r.c.ReportGeneratorConfiguration: Property 'jmeter.reportgenerator.exporter.json.show_controllers_only' not found, using default value 'false' instead.
2022-09-15 14:18:39,425 INFO o.a.j.r.c.ReportGeneratorConfiguration: Property 'jmeter.reportgenerator.exporter.html.filters_only_sample_series' not found, using default value 'true' instead.
2022-09-15 14:18:39,425 INFO o.a.j.r.c.ReportGeneratorConfiguration: Property 'jmeter.reportgenerator.exporter.html.series_filter' not found, using default value '' instead.
2022-09-15 14:18:39,428 INFO o.a.j.r.c.ReportGeneratorConfiguration: Property 'jmeter.reportgenerator.exporter.html.show_controllers_only' not found, using default value 'false' instead.
2022-09-15 14:18:39,800 INFO o.a.j.s.SaveService: Testplan (JMX) version: 2.2. Testlog (JTL) version: 2.2
2022-09-15 14:18:39,845 INFO o.a.j.s.SaveService: Using SaveService properties file encoding UTF-8
2022-09-15 14:18:39,858 INFO o.a.j.s.SaveService: Using SaveService properties version 5.0
2022-09-15 14:18:39,932 INFO o.a.j.r.p.NormalizerSampleConsumer: Using format, 'ms', to parse timeStamp field
2022-09-15 14:18:40,618 INFO o.a.j.r.p.AbstractSampleConsumer: class org.apache.jmeter.report.processor.AggregateConsumer#stopProducing(): beginDate produced 0 samples
2022-09-15 14:18:40,618 INFO o.a.j.r.p.AbstractSampleConsumer: class org.apache.jmeter.report.processor.AggregateConsumer#stopProducing(): endDate produced 0 samples
2022-09-15 14:18:40,623 INFO o.a.j.r.p.AbstractSampleConsumer: class org.apache.jmeter.report.processor.ApdexSummaryConsumer#stopProducing(): apdexSummary produced 0 samples
2022-09-15 14:18:40,623 INFO o.a.j.r.p.AbstractSampleConsumer: class org.apache.jmeter.report.processor.RequestsSummaryConsumer#stopProducing(): requestsSummary produced 0 samples
2022-09-15 14:18:40,637 INFO o.a.j.r.p.AbstractSampleConsumer: class org.apache.jmeter.report.processor.StatisticsSummaryConsumer#stopProducing(): statisticsSummary produced 0 samples
2022-09-15 14:18:40,649 INFO o.a.j.r.p.AbstractSampleConsumer: class org.apache.jmeter.report.processor.Top5ErrorsBySamplerConsumer#stopProducing(): top5ErrorsBySampler produced 0 samples
2022-09-15 14:18:40,649 INFO o.a.j.r.p.AbstractSampleConsumer: class org.apache.jmeter.report.processor.ErrorsSummaryConsumer#stopProducing(): errorsSummary produced 0 samples
2022-09-15 14:18:40,649 INFO o.a.j.r.p.AbstractSampleConsumer: class org.apache.jmeter.report.processor.graph.impl.HitsPerSecondGraphConsumer#stopProducing(): hitsPerSecond produced 0 samples
2022-09-15 14:18:40,698 INFO o.a.j.r.p.AbstractSampleConsumer: class org.apache.jmeter.report.processor.graph.impl.LatencyVSRequestGraphConsumer#stopProducing(): latencyVsRequest produced 0 samples
2022-09-15 14:18:40,707 INFO o.a.j.r.p.AbstractSampleConsumer: class org.apache.jmeter.report.processor.graph.impl.SyntheticResponseTimeDistributionGraphConsumer#stopProducing(): syntheticResponseTimeDistribution produced 0 samples
2022-09-15 14:18:40,708 INFO o.a.j.r.p.AbstractSampleConsumer: class org.apache.jmeter.report.processor.graph.impl.BytesThroughputGraphConsumer#stopProducing(): bytesThroughputOverTime produced 0 samples
2022-09-15 14:18:40,708 INFO o.a.j.r.p.AbstractSampleConsumer: class org.apache.jmeter.report.processor.graph.impl.CodesPerSecondGraphConsumer#stopProducing(): codesPerSecond produced 0 samples
2022-09-15 14:18:40,743 INFO o.a.j.r.p.AbstractSampleConsumer: class org.apache.jmeter.report.processor.graph.impl.ResponseTimeVSRequestGraphConsumer#stopProducing(): responseTimeVsRequest produced 0 samples
2022-09-15 14:18:40,746 INFO o.a.j.r.p.AbstractSampleConsumer: class org.apache.jmeter.report.processor.FilterConsumer#stopProducing(): startIntervalControlerFilter produced 469 samples
2022-09-15 14:18:40,746 INFO o.a.j.r.p.AbstractSampleConsumer: class org.apache.jmeter.report.processor.graph.impl.TotalTPSGraphConsumer#stopProducing(): totalTPS produced 0 samples
2022-09-15 14:18:40,749 INFO o.a.j.r.p.AbstractSampleConsumer: class org.apache.jmeter.report.processor.graph.impl.ActiveThreadsGraphConsumer#stopProducing(): activeThreadsOverTime produced 0 samples
2022-09-15 14:18:40,749 INFO o.a.j.r.p.AbstractSampleConsumer: class org.apache.jmeter.report.processor.graph.impl.TimeVSThreadGraphConsumer#stopProducing(): timeVsThreads produced 0 samples
2022-09-15 14:18:40,763 INFO o.a.j.r.p.AbstractSampleConsumer: class org.apache.jmeter.report.processor.graph.impl.ResponseTimeDistributionGraphConsumer#stopProducing(): responseTimeDistribution produced 0 samples
2022-09-15 14:18:40,768 INFO o.a.j.r.p.AbstractSampleConsumer: class org.apache.jmeter.report.processor.graph.impl.TransactionsPerSecondGraphConsumer#stopProducing(): transactionsPerSecond produced 0 samples
2022-09-15 14:18:40,769 INFO o.a.j.r.p.AbstractSampleConsumer: class org.apache.jmeter.report.processor.graph.impl.ResponseTimePercentilesGraphConsumer#stopProducing(): responseTimePercentiles produced 0 samples
2022-09-15 14:18:40,799 INFO o.a.j.r.p.AbstractSampleConsumer: class org.apache.jmeter.report.processor.graph.impl.ResponseTimePercentilesOverTimeGraphConsumer#stopProducing(): responseTimePercentilesOverTime produced 0 samples
2022-09-15 14:18:40,799 INFO o.a.j.r.p.AbstractSampleConsumer: class org.apache.jmeter.report.processor.graph.impl.ResponseTimeOverTimeGraphConsumer#stopProducing(): responseTimesOverTime produced 0 samples
2022-09-15 14:18:40,799 INFO o.a.j.r.p.AbstractSampleConsumer: class org.apache.jmeter.report.processor.graph.impl.ConnectTimeOverTimeGraphConsumer#stopProducing(): connectTimeOverTime produced 0 samples
2022-09-15 14:18:40,807 INFO o.a.j.r.p.AbstractSampleConsumer: class org.apache.jmeter.report.processor.graph.impl.LatencyOverTimeGraphConsumer#stopProducing(): latenciesOverTime produced 0 samples
2022-09-15 14:18:40,808 INFO o.a.j.r.p.AbstractSampleConsumer: class org.apache.jmeter.report.processor.FilterConsumer#stopProducing(): nameFilter produced 1065 samples
2022-09-15 14:18:40,808 INFO o.a.j.r.p.AbstractSampleConsumer: class org.apache.jmeter.report.processor.FilterConsumer#stopProducing(): dateRangeFilter produced 213 samples
2022-09-15 14:18:40,808 INFO o.a.j.r.p.AbstractSampleConsumer: class org.apache.jmeter.report.processor.NormalizerSampleConsumer#stopProducing(): normalizer produced 71 samples
2022-09-15 14:18:40,811 INFO o.a.j.r.p.CsvFileSampleSource: produce(): 71 samples produced in 799ms on channel 0
2022-09-15 14:18:40,811 INFO o.a.j.r.d.ReportGenerator: Exporting data using exporter:'json' of className:'org.apache.jmeter.report.dashboard.JsonExporter'
2022-09-15 14:18:41,209 INFO o.a.j.r.d.JsonExporter: Found data for consumer statisticsSummary in context
2022-09-15 14:18:41,209 INFO o.a.j.r.d.JsonExporter: Creating statistics for overall
2022-09-15 14:18:41,218 INFO o.a.j.r.d.JsonExporter: Creating statistics for other transactions
2022-09-15 14:18:41,230 INFO o.a.j.r.d.JsonExporter: Checking output folder
2022-09-15 14:18:41,231 INFO o.a.j.r.d.JsonExporter: Writing statistics JSON to C:\Main CodeBase\Jmeter\Jmeter Assignment\reports\statistics.json
2022-09-15 14:18:41,409 INFO o.a.j.r.d.ReportGenerator: Exporting data using exporter:'html' of className:'org.apache.jmeter.report.dashboard.HtmlTemplateExporter'
2022-09-15 14:18:41,409 INFO o.a.j.r.d.HtmlTemplateExporter: Will generate dashboard in folder: C:\Main CodeBase\Jmeter\Jmeter Assignment\reports
2022-09-15 14:18:41,990 INFO o.a.j.r.d.HtmlTemplateExporter: Report will be generated in: C:\Main CodeBase\Jmeter\Jmeter Assignment\reports, creating folder structure
2022-09-15 14:18:41,999 INFO o.a.j.r.d.TemplateVisitor: Copying folder from 'C:\apache-jmeter-5.5\apache-jmeter-5.5\bin\report-template' to 'C:\Main CodeBase\Jmeter\Jmeter Assignment\reports', got message: C:\Main CodeBase\Jmeter\Jmeter Assignment\reports, found non empty folder with following content [C:\Main CodeBase\Jmeter\Jmeter Assignment\reports\statistics.json], will be ignored
